<?xml version="1.0" encoding="UTF-8"?>
<robot generator="Robot 4.1.2 (Python 3.9.7 on win32)" generated="20211209 05:18:54.664" rpa="false" schemaversion="2">
<suite id="s1" name="RegistrationPageTesting" source="C:\Users\int44309\Desktop\RegistrationPageTesting">
<suite id="s1-s1" name="RobotFrameWork" source="C:\Users\int44309\Desktop\RegistrationPageTesting\RobotFrameWork">
<suite id="s1-s1-s1" name="Test" source="C:\Users\int44309\Desktop\RegistrationPageTesting\RobotFrameWork\Test">
<suite id="s1-s1-s1-s1" name="SimpleRegistrationForm" source="C:\Users\int44309\Desktop\RegistrationPageTesting\RobotFrameWork\Test\SimpleRegistrationForm">
<suite id="s1-s1-s1-s1-s1" name="EmailField" source="C:\Users\int44309\Desktop\RegistrationPageTesting\RobotFrameWork\Test\SimpleRegistrationForm\EmailField.robot">
<test id="s1-s1-s1-s1-s1-t1" name="Email Field tests [SRF-TC35]">
<kw name="Open Page whit browser" library="CommonFunction">
<kw name="Open Browser" library="SeleniumLibrary">
<arg>${url}</arg>
<arg>${browser}</arg>
<doc>Opens a new browser instance to the optional ``url``.</doc>
<msg timestamp="20211209 05:18:55.754" level="INFO">Opening browser 'chrome' to base url 'C:\Users\int44309\Desktop\RegistrationPageTesting/RegistrationForm/index.html'.</msg>
<status status="PASS" starttime="20211209 05:18:55.752" endtime="20211209 05:18:59.552"/>
</kw>
<kw name="Maximize Browser Window" library="SeleniumLibrary">
<doc>Maximizes current browser window.</doc>
<status status="PASS" starttime="20211209 05:18:59.553" endtime="20211209 05:19:00.485"/>
</kw>
<status status="PASS" starttime="20211209 05:18:55.751" endtime="20211209 05:19:00.486"/>
</kw>
<kw name="Input Field type invalid email" library="CommonKeywords">
<for flavor="IN">
<var>${testdata}</var>
<value>@{inValidEmail}</value>
<iter>
<var name="${testdata}">pp$faf.com</var>
<kw name="Input Text" library="SeleniumLibrary">
<arg>${inputfield}</arg>
<arg>${testdata}</arg>
<doc>Types the given ``text`` into the text field identified by ``locator``.</doc>
<msg timestamp="20211209 05:19:00.507" level="INFO">Typing text 'pp$faf.com' into text field 'xpath://div[7]/div/div/input'.</msg>
<status status="PASS" starttime="20211209 05:19:00.505" endtime="20211209 05:19:00.770"/>
</kw>
<kw name="Validate colors ui red" library="Keywords">
<kw name="Element Should Be Visible" library="SeleniumLibrary">
<arg>${helpmsg}</arg>
<doc>Verifies that the element identified by ``locator`` is visible.</doc>
<kw name="Capture Page Screenshot" library="SeleniumLibrary">
<doc>Takes a screenshot of the current page and embeds it into a log file.</doc>
<msg timestamp="20211209 05:19:01.057" level="INFO" html="true">&lt;/td&gt;&lt;/tr&gt;&lt;tr&gt;&lt;td colspan="3"&gt;&lt;a href="selenium-screenshot-8.png"&gt;&lt;img src="selenium-screenshot-8.png" width="800px"&gt;&lt;/a&gt;</msg>
<status status="PASS" starttime="20211209 05:19:00.822" endtime="20211209 05:19:01.058"/>
</kw>
<msg timestamp="20211209 05:19:01.122" level="FAIL">The element '//*[@id="contact_form"]/fieldset/div[7]/div/small[1]' should be visible, but it is not.</msg>
<status status="FAIL" starttime="20211209 05:19:00.773" endtime="20211209 05:19:01.122"/>
</kw>
<kw name="Capture Element Screenshot" library="SeleniumLibrary">
<arg>${helpmsg}</arg>
<doc>Captures a screenshot from the element identified by ``locator`` and embeds it into log file.</doc>
<status status="NOT RUN" starttime="20211209 05:19:01.124" endtime="20211209 05:19:01.125"/>
</kw>
<kw name="Element Should Be Visible" library="SeleniumLibrary">
<arg>${redx}</arg>
<doc>Verifies that the element identified by ``locator`` is visible.</doc>
<status status="NOT RUN" starttime="20211209 05:19:01.126" endtime="20211209 05:19:01.127"/>
</kw>
<kw name="Capture Element Screenshot" library="SeleniumLibrary">
<arg>${redx}</arg>
<doc>Captures a screenshot from the element identified by ``locator`` and embeds it into log file.</doc>
<status status="NOT RUN" starttime="20211209 05:19:01.128" endtime="20211209 05:19:01.130"/>
</kw>
<kw name="Element Should Be Visible" library="SeleniumLibrary">
<arg>${inputfieldtext}</arg>
<doc>Verifies that the element identified by ``locator`` is visible.</doc>
<status status="NOT RUN" starttime="20211209 05:19:01.130" endtime="20211209 05:19:01.131"/>
</kw>
<kw name="Capture Element Screenshot" library="SeleniumLibrary">
<arg>${inputfieldtext}</arg>
<doc>Captures a screenshot from the element identified by ``locator`` and embeds it into log file.</doc>
<status status="NOT RUN" starttime="20211209 05:19:01.132" endtime="20211209 05:19:01.133"/>
</kw>
<status status="FAIL" starttime="20211209 05:19:00.771" endtime="20211209 05:19:01.136"/>
</kw>
<kw name="Check the fonts and icons color red" library="Keywords">
<status status="NOT RUN" starttime="20211209 05:19:01.137" endtime="20211209 05:19:01.138"/>
</kw>
<kw name="Check that the helping messege showing email" library="Keywords">
<status status="NOT RUN" starttime="20211209 05:19:01.139" endtime="20211209 05:19:01.140"/>
</kw>
<kw name="Take picture" library="Keywords">
<status status="NOT RUN" starttime="20211209 05:19:01.141" endtime="20211209 05:19:01.142"/>
</kw>
<status status="FAIL" starttime="20211209 05:19:00.503" endtime="20211209 05:19:01.143"/>
</iter>
<status status="FAIL" starttime="20211209 05:19:00.502" endtime="20211209 05:19:01.145"/>
</for>
<status status="FAIL" starttime="20211209 05:19:00.501" endtime="20211209 05:19:01.148"/>
</kw>
<kw name="Close Browser" library="SeleniumLibrary">
<doc>Closes the current browser.</doc>
<status status="NOT RUN" starttime="20211209 05:19:01.150" endtime="20211209 05:19:01.151"/>
</kw>
<doc>Test cases from [SRF-TC35]</doc>
<tag>Email</tag>
<status status="FAIL" starttime="20211209 05:18:55.749" endtime="20211209 05:19:01.153">The element '//*[@id="contact_form"]/fieldset/div[7]/div/small[1]' should be visible, but it is not.</status>
</test>
<status status="FAIL" starttime="20211209 05:18:54.788" endtime="20211209 05:19:01.157"/>
</suite>
<status status="FAIL" starttime="20211209 05:18:54.779" endtime="20211209 05:19:01.166"/>
</suite>
<status status="FAIL" starttime="20211209 05:18:54.770" endtime="20211209 05:19:01.172"/>
</suite>
<status status="FAIL" starttime="20211209 05:18:54.758" endtime="20211209 05:19:01.178"/>
</suite>
<status status="FAIL" starttime="20211209 05:18:54.678" endtime="20211209 05:19:01.184"/>
</suite>
<statistics>
<total>
<stat pass="0" fail="1" skip="0">All Tests</stat>
</total>
<tag>
<stat pass="0" fail="1" skip="0">Email</stat>
</tag>
<suite>
<stat pass="0" fail="1" skip="0" id="s1" name="RegistrationPageTesting">RegistrationPageTesting</stat>
<stat pass="0" fail="1" skip="0" id="s1-s1" name="RobotFrameWork">RegistrationPageTesting.RobotFrameWork</stat>
<stat pass="0" fail="1" skip="0" id="s1-s1-s1" name="Test">RegistrationPageTesting.RobotFrameWork.Test</stat>
<stat pass="0" fail="1" skip="0" id="s1-s1-s1-s1" name="SimpleRegistrationForm">RegistrationPageTesting.RobotFrameWork.Test.SimpleRegistrationForm</stat>
<stat pass="0" fail="1" skip="0" id="s1-s1-s1-s1-s1" name="EmailField">RegistrationPageTesting.RobotFrameWork.Test.SimpleRegistrationForm.EmailField</stat>
</suite>
</statistics>
<errors>
</errors>
</robot>
